TN:
SF:src\modules\TaskCRUD.js
FN:4,(anonymous_0)
FN:14,(anonymous_1)
FN:19,(anonymous_2)
FNF:3
FNH:1
FNDA:1,(anonymous_0)
FNDA:0,(anonymous_1)
FNDA:0,(anonymous_2)
DA:4,1
DA:5,1
DA:6,1
DA:7,1
DA:8,1
DA:9,1
DA:10,1
DA:11,1
DA:14,1
DA:15,0
DA:16,0
DA:17,0
DA:18,0
DA:19,0
DA:20,0
DA:21,0
LF:16
LH:9
BRDA:16,0,0,0
BRDA:16,0,1,0
BRF:2
BRH:0
end_of_record
TN:
SF:src\modules\all.js
FN:9,(anonymous_0)
FN:24,(anonymous_1)
FN:27,(anonymous_2)
FN:32,(anonymous_3)
FNF:4
FNH:0
FNDA:0,(anonymous_0)
FNDA:0,(anonymous_1)
FNDA:0,(anonymous_2)
FNDA:0,(anonymous_3)
DA:3,1
DA:5,1
DA:6,1
DA:9,1
DA:10,0
DA:21,0
DA:24,1
DA:25,0
DA:27,0
DA:28,0
DA:29,0
DA:32,0
DA:33,0
DA:34,0
DA:35,0
DA:36,0
LF:16
LH:5
BRDA:5,0,0,1
BRDA:5,0,1,1
BRDA:35,1,0,0
BRDA:35,1,1,0
BRF:4
BRH:2
end_of_record
TN:
SF:src\modules\remove.js
FN:3,(anonymous_0)
FN:6,(anonymous_1)
FN:8,(anonymous_2)
FNF:3
FNH:0
FNDA:0,(anonymous_0)
FNDA:0,(anonymous_1)
FNDA:0,(anonymous_2)
DA:3,1
DA:4,0
DA:5,0
DA:6,0
DA:7,0
DA:8,0
DA:9,0
DA:11,0
DA:12,0
LF:9
LH:1
BRF:0
BRH:0
end_of_record
TN:
SF:src\modules\task.js
FN:1,(anonymous_0)
FN:2,(anonymous_1)
FN:3,(anonymous_2)
FNF:3
FNH:0
FNDA:0,(anonymous_0)
FNDA:0,(anonymous_1)
FNDA:0,(anonymous_2)
DA:1,1
DA:2,0
DA:3,0
DA:4,0
DA:5,0
DA:7,0
DA:9,0
LF:7
LH:1
BRDA:4,0,0,0
BRDA:4,0,1,0
BRF:2
BRH:0
end_of_record
